Using pre-set license
Built from '2021.3/staging' branch; Version is '2021.3.10f1 (1c7d0df0160b) revision 1867021'; Using compiler version '192829333'; Build Type 'Release'
OS: 'Windows 11  (10.0.22000) 64bit Core' Language: 'es' Physical Memory: 15752 MB
BatchMode: 1, IsHumanControllingUs: 0, StartBugReporterOnCrash: 0, Is64bit: 1, IsPro: 1

COMMAND LINE ARGUMENTS:
C:\Program Files\Unity\Hub\Editor\2021.3.10f1\Editor\Unity.exe
-adb2
-batchMode
-noUpm
-name
AssetImportWorker0
-projectPath
C:/Users/virgi/Unity/Práctica3
-logFile
Logs/AssetImportWorker0.log
-srvPort
64644
Successfully changed project path to: C:/Users/virgi/Unity/Práctica3
C:/Users/virgi/Unity/Práctica3
[UnityMemory] Configuration Parameters - Can be set up in boot.config
    "memorysetup-bucket-allocator-granularity=16"
    "memorysetup-bucket-allocator-bucket-count=8"
    "memorysetup-bucket-allocator-block-size=33554432"
    "memorysetup-bucket-allocator-block-count=8"
    "memorysetup-main-allocator-block-size=16777216"
    "memorysetup-thread-allocator-block-size=16777216"
    "memorysetup-gfx-main-allocator-block-size=16777216"
    "memorysetup-gfx-thread-allocator-block-size=16777216"
    "memorysetup-cache-allocator-block-size=4194304"
    "memorysetup-typetree-allocator-block-size=2097152"
    "memorysetup-profiler-bucket-allocator-granularity=16"
    "memorysetup-profiler-bucket-allocator-bucket-count=8"
    "memorysetup-profiler-bucket-allocator-block-size=33554432"
    "memorysetup-profiler-bucket-allocator-block-count=8"
    "memorysetup-profiler-allocator-block-size=16777216"
    "memorysetup-profiler-editor-allocator-block-size=1048576"
    "memorysetup-temp-allocator-size-main=16777216"
    "memorysetup-job-temp-allocator-block-size=2097152"
    "memorysetup-job-temp-allocator-block-size-background=1048576"
    "memorysetup-job-temp-allocator-reduction-small-platforms=262144"
    "memorysetup-temp-allocator-size-background-worker=32768"
    "memorysetup-temp-allocator-size-job-worker=262144"
    "memorysetup-temp-allocator-size-preload-manager=33554432"
    "memorysetup-temp-allocator-size-nav-mesh-worker=65536"
    "memorysetup-temp-allocator-size-audio-worker=65536"
    "memorysetup-temp-allocator-size-cloud-worker=32768"
    "memorysetup-temp-allocator-size-gi-baking-worker=262144"
    "memorysetup-temp-allocator-size-gfx=262144"
Refreshing native plugins compatible for Editor in 93.03 ms, found 4 plugins.
Preloading 0 native plugins for Editor in 0.00 ms.
Initialize engine version: 2021.3.10f1 (1c7d0df0160b)
[Subsystems] Discovering subsystems at path C:/Program Files/Unity/Hub/Editor/2021.3.10f1/Editor/Data/Resources/UnitySubsystems
[Subsystems] Discovering subsystems at path C:/Users/virgi/Unity/Práctica3/Assets
GfxDevice: creating device client; threaded=0; jobified=0
Direct3D:
    Version:  Direct3D 11.0 [level 11.1]
    Renderer: AMD Radeon(TM) Graphics (ID=0x164c)
    Vendor:   ATI
    VRAM:     7876 MB
    Driver:   30.0.13026.3
Initialize mono
Mono path[0] = 'C:/Program Files/Unity/Hub/Editor/2021.3.10f1/Editor/Data/Managed'
Mono path[1] = 'C:/Program Files/Unity/Hub/Editor/2021.3.10f1/Editor/Data/MonoBleedingEdge/lib/mono/unityjit-win32'
Mono config path = 'C:/Program Files/Unity/Hub/Editor/2021.3.10f1/Editor/Data/MonoBleedingEdge/etc'
Using monoOptions --debugger-agent=transport=dt_socket,embedding=1,server=y,suspend=n,address=127.0.0.1:56888
Begin MonoManager ReloadAssembly
Registering precompiled unity dll's ...
Register platform support module: C:/Program Files/Unity/Hub/Editor/2021.3.10f1/Editor/Data/PlaybackEngines/WebGLSupport/UnityEditor.WebGL.Extensions.dll
Register platform support module: C:/Program Files/Unity/Hub/Editor/2021.3.10f1/Editor/Data/PlaybackEngines/WindowsStandaloneSupport/UnityEditor.WindowsStandalone.Extensions.dll
Registered in 0.003873 seconds.
Native extension for WindowsStandalone target not found
Native extension for WebGL target not found
Refreshing native plugins compatible for Editor in 95.29 ms, found 4 plugins.
Preloading 0 native plugins for Editor in 0.00 ms.
Mono: successfully reloaded assembly
- Completed reload, in  0.628 seconds
Domain Reload Profiling:
	ReloadAssembly (628ms)
		BeginReloadAssembly (62ms)
			ExecutionOrderSort (0ms)
			DisableScriptedObjects (0ms)
			BackupInstance (0ms)
			ReleaseScriptingObjects (0ms)
			CreateAndSetChildDomain (1ms)
		EndReloadAssembly (467ms)
			LoadAssemblies (61ms)
			RebuildTransferFunctionScriptingTraits (0ms)
			SetupTypeCache (102ms)
			ReleaseScriptCaches (0ms)
			RebuildScriptCaches (31ms)
			SetupLoadedEditorAssemblies (286ms)
				LogAssemblyErrors (0ms)
				InitializePlatformSupportModulesInManaged (8ms)
				SetLoadedEditorAssemblies (0ms)
				RefreshPlugins (95ms)
				BeforeProcessingInitializeOnLoad (1ms)
				ProcessInitializeOnLoadAttributes (137ms)
				ProcessInitializeOnLoadMethodAttributes (44ms)
				AfterProcessingInitializeOnLoad (0ms)
				EditorAssembliesLoaded (0ms)
			ExecutionOrderSort2 (0ms)
			AwakeInstancesAfterBackupRestoration (0ms)
Platform modules already initialized, skipping
Registering precompiled user dll's ...
Registered in 0.005113 seconds.
Begin MonoManager ReloadAssembly
Symbol file LoadedFromMemory doesn't match image C:\Users\virgi\Unity\Práctica3\Library\PackageCache\com.unity.visualscripting@1.7.8\Editor\VisualScripting.Core\Dependencies\YamlDotNet\Unity.VisualScripting.YamlDotNet.dll
Symbol file LoadedFromMemory doesn't match image C:\Users\virgi\Unity\Práctica3\Library\PackageCache\com.unity.visualscripting@1.7.8\Editor\VisualScripting.Core\Dependencies\DotNetZip\Unity.VisualScripting.IonicZip.dll
Native extension for WindowsStandalone target not found
Native extension for WebGL target not found
Refreshing native plugins compatible for Editor in 91.77 ms, found 4 plugins.
Preloading 0 native plugins for Editor in 0.00 ms.
Mono: successfully reloaded assembly
- Completed reload, in  1.116 seconds
Domain Reload Profiling:
	ReloadAssembly (1117ms)
		BeginReloadAssembly (105ms)
			ExecutionOrderSort (0ms)
			DisableScriptedObjects (5ms)
			BackupInstance (0ms)
			ReleaseScriptingObjects (0ms)
			CreateAndSetChildDomain (24ms)
		EndReloadAssembly (908ms)
			LoadAssemblies (74ms)
			RebuildTransferFunctionScriptingTraits (0ms)
			SetupTypeCache (224ms)
			ReleaseScriptCaches (1ms)
			RebuildScriptCaches (62ms)
			SetupLoadedEditorAssemblies (497ms)
				LogAssemblyErrors (0ms)
				InitializePlatformSupportModulesInManaged (5ms)
				SetLoadedEditorAssemblies (0ms)
				RefreshPlugins (92ms)
				BeforeProcessingInitializeOnLoad (93ms)
				ProcessInitializeOnLoadAttributes (258ms)
				ProcessInitializeOnLoadMethodAttributes (43ms)
				AfterProcessingInitializeOnLoad (6ms)
				EditorAssembliesLoaded (0ms)
			ExecutionOrderSort2 (0ms)
			AwakeInstancesAfterBackupRestoration (5ms)
Platform modules already initialized, skipping
========================================================================
Worker process is ready to serve import requests
Launched and connected shader compiler UnityShaderCompiler.exe after 0.04 seconds
Refreshing native plugins compatible for Editor in 0.99 ms, found 4 plugins.
Preloading 0 native plugins for Editor in 0.00 ms.
Unloading 4248 Unused Serialized files (Serialized files now loaded: 0)
Unloading 57 unused Assets / (299.8 KB). Loaded Objects now: 4699.
Memory consumption went from 160.1 MB to 159.8 MB.
Total: 4.172700 ms (FindLiveObjects: 0.454100 ms CreateObjectMapping: 0.133500 ms MarkObjects: 3.357900 ms  DeleteObjects: 0.225300 ms)

AssetImportParameters requested are different than current active one (requested -> active):
  custom:video-decoder-ogg-theora: a1e56fd34408186e4bbccfd4996cb3dc -> 
  custom:container-muxer-webm: aa71ff27fc2769a1b78a27578f13a17b -> 
  custom:container-demuxer-webm: 4f35f7cbe854078d1ac9338744f61a02 -> 
  custom:video-encoder-webm-vp8: eb34c28f22e8b96e1ab97ce403110664 -> 
  custom:audio-encoder-webm-vorbis: bf7c407c2cedff20999df2af8eb42d56 -> 
  custom:framework-win-MediaFoundation: 216162199b28c13a410421893ffa2e32 -> 
  custom:container-demuxer-ogg: 62fdf1f143b41e24485cea50d1cbac27 -> 
  custom:video-decoder-webm-vp8: 9c59270c3fd7afecdb556c50c9e8de78 -> 
  custom:audio-decoder-ogg-vorbis: bf7c407c2cedff20999df2af8eb42d56 -> 
========================================================================
Received Import Request.
  Time since last request: 182302.021558 seconds.
  path: Assets/Scenes/Level2.unity
  artifactKey: Guid(b2fdc3b70a1af7541bce1ab77f02edec) Importer(815301076,1909f56bfc062723c751e8b465ee728b)
Start importing Assets/Scenes/Level2.unity using Guid(b2fdc3b70a1af7541bce1ab77f02edec) Importer(815301076,1909f56bfc062723c751e8b465ee728b)  -> (artifact id: '36ee5451bfc59f6ac3cc15c8d49cf4b0') in 0.014080 seconds 
========================================================================
Received Import Request.
  Time since last request: 1.591666 seconds.
  path: Assets/Scenes/Level2 1.unity
  artifactKey: Guid(aa156bbec334d064a9da09ef1719d11a) Importer(815301076,1909f56bfc062723c751e8b465ee728b)
Start importing Assets/Scenes/Level2 1.unity using Guid(aa156bbec334d064a9da09ef1719d11a) Importer(815301076,1909f56bfc062723c751e8b465ee728b)  -> (artifact id: '32d4d48a9e0d699caca62a1849b19187') in 0.006513 seconds 
========================================================================
Received Import Request.
  Time since last request: 9.904125 seconds.
  path: Assets/Scenes/Level3.unity
  artifactKey: Guid(aa156bbec334d064a9da09ef1719d11a) Importer(815301076,1909f56bfc062723c751e8b465ee728b)
Start importing Assets/Scenes/Level3.unity using Guid(aa156bbec334d064a9da09ef1719d11a) Importer(815301076,1909f56bfc062723c751e8b465ee728b)  -> (artifact id: 'b3d6657d530bec88210c6caa64c49fde') in 0.006907 seconds 
========================================================================
Received Import Request.
  Time since last request: 38.185161 seconds.
  path: Assets/Sprites/tiles_spritesheet.png
  artifactKey: Guid(bf8ed844b58bdc94482194da44972930) Importer(815301076,1909f56bfc062723c751e8b465ee728b)
Start importing Assets/Sprites/tiles_spritesheet.png using Guid(bf8ed844b58bdc94482194da44972930) Importer(815301076,1909f56bfc062723c751e8b465ee728b)  -> (artifact id: 'adaf8e724dffebfaeebf8dc71c077941') in 0.202878 seconds 
========================================================================
Received Import Request.
  Time since last request: 37.992165 seconds.
  path: Assets/Sprites/tiles_spritesheet.png
  artifactKey: Guid(bf8ed844b58bdc94482194da44972930) Importer(815301076,1909f56bfc062723c751e8b465ee728b)
Start importing Assets/Sprites/tiles_spritesheet.png using Guid(bf8ed844b58bdc94482194da44972930) Importer(815301076,1909f56bfc062723c751e8b465ee728b)  -> (artifact id: 'bf0cc56310142b465f9db7e08d2de022') in 0.017306 seconds 
========================================================================
Received Import Request.
  Time since last request: 34.580543 seconds.
  path: Assets/Sprites/tiles_spritesheet.png
  artifactKey: Guid(bf8ed844b58bdc94482194da44972930) Importer(815301076,1909f56bfc062723c751e8b465ee728b)
Start importing Assets/Sprites/tiles_spritesheet.png using Guid(bf8ed844b58bdc94482194da44972930) Importer(815301076,1909f56bfc062723c751e8b465ee728b)  -> (artifact id: 'a14213db6ff4f9eb6d18dd0c3135337d') in 0.667984 seconds 
========================================================================
Received Import Request.
  Time since last request: 522.872103 seconds.
  path: Assets/Sprites/Tiles
  artifactKey: Guid(db57f83c3f634a249908a2c541679112) Importer(815301076,1909f56bfc062723c751e8b465ee728b)
Start importing Assets/Sprites/Tiles using Guid(db57f83c3f634a249908a2c541679112) Importer(815301076,1909f56bfc062723c751e8b465ee728b)  -> (artifact id: '23ee440c686a42132b6c84ff3c4aad8c') in 0.008774 seconds 
========================================================================
Received Import Request.
  Time since last request: 0.042792 seconds.
  path: Assets/Sprites/Tiles/New Palette.prefab
  artifactKey: Guid(96342481b2c22df4a8327d999dd00e1e) Importer(815301076,1909f56bfc062723c751e8b465ee728b)
Start importing Assets/Sprites/Tiles/New Palette.prefab using Guid(96342481b2c22df4a8327d999dd00e1e) Importer(815301076,1909f56bfc062723c751e8b465ee728b)  -> (artifact id: 'a1e3811da22d553e3ebda545471e9670') in 0.120203 seconds 
========================================================================
Received Import Request.
  Time since last request: 0.000035 seconds.
  path: Assets/Sprites/Tiles/tiles_spritesheet_5.asset
  artifactKey: Guid(8b4d906999bb38e4693bf1b3c045674f) Importer(815301076,1909f56bfc062723c751e8b465ee728b)
Start importing Assets/Sprites/Tiles/tiles_spritesheet_5.asset using Guid(8b4d906999bb38e4693bf1b3c045674f) Importer(815301076,1909f56bfc062723c751e8b465ee728b)  -> (artifact id: '0fe832525bda6f39d1a6b585baffa900') in 0.025975 seconds 
========================================================================
Received Import Request.
  Time since last request: 0.000058 seconds.
  path: Assets/Sprites/Tiles/tiles_spritesheet_10.asset
  artifactKey: Guid(618314a153d751d4b85b50538365450a) Importer(815301076,1909f56bfc062723c751e8b465ee728b)
Start importing Assets/Sprites/Tiles/tiles_spritesheet_10.asset using Guid(618314a153d751d4b85b50538365450a) Importer(815301076,1909f56bfc062723c751e8b465ee728b)  -> (artifact id: '2b016a133d1d10936dd21e06bd12817c') in 0.018334 seconds 
========================================================================
Received Import Request.
  Time since last request: 0.000029 seconds.
  path: Assets/Sprites/Tiles/tiles_spritesheet_7.asset
  artifactKey: Guid(4a2ed05a7dc18a645bc08ffc9cb52ce7) Importer(815301076,1909f56bfc062723c751e8b465ee728b)
Start importing Assets/Sprites/Tiles/tiles_spritesheet_7.asset using Guid(4a2ed05a7dc18a645bc08ffc9cb52ce7) Importer(815301076,1909f56bfc062723c751e8b465ee728b)  -> (artifact id: 'd28bca789c4eb86289ea1dae8d733152') in 0.017870 seconds 
========================================================================
Received Import Request.
  Time since last request: 0.000031 seconds.
  path: Assets/Sprites/Tiles/tiles_spritesheet_14.asset
  artifactKey: Guid(072c437279000784e82093361e7be312) Importer(815301076,1909f56bfc062723c751e8b465ee728b)
Start importing Assets/Sprites/Tiles/tiles_spritesheet_14.asset using Guid(072c437279000784e82093361e7be312) Importer(815301076,1909f56bfc062723c751e8b465ee728b)  -> (artifact id: 'fd83096b98d792fdf96d895c90790f0d') in 0.018398 seconds 
========================================================================
Received Import Request.
  Time since last request: 0.000036 seconds.
  path: Assets/Sprites/Tiles/tiles_spritesheet_12.asset
  artifactKey: Guid(7aafee28d43574a45b1e4cd9c94047a4) Importer(815301076,1909f56bfc062723c751e8b465ee728b)
Start importing Assets/Sprites/Tiles/tiles_spritesheet_12.asset using Guid(7aafee28d43574a45b1e4cd9c94047a4) Importer(815301076,1909f56bfc062723c751e8b465ee728b)  -> (artifact id: 'b92a70d203f9b154f160fb939959e083') in 0.027985 seconds 
========================================================================
Received Import Request.
  Time since last request: 0.000046 seconds.
  path: Assets/Sprites/Tiles/tiles_spritesheet_15.asset
  artifactKey: Guid(e364864272451324581e8471da3c573f) Importer(815301076,1909f56bfc062723c751e8b465ee728b)
Start importing Assets/Sprites/Tiles/tiles_spritesheet_15.asset using Guid(e364864272451324581e8471da3c573f) Importer(815301076,1909f56bfc062723c751e8b465ee728b)  -> (artifact id: 'da66cedecdff70f997980e4941aa9062') in 0.023077 seconds 
========================================================================
Received Import Request.
  Time since last request: 0.000034 seconds.
  path: Assets/Sprites/Tiles/tiles_spritesheet_8.asset
  artifactKey: Guid(6380859f2bb486940b52b6062df9131c) Importer(815301076,1909f56bfc062723c751e8b465ee728b)
Start importing Assets/Sprites/Tiles/tiles_spritesheet_8.asset using Guid(6380859f2bb486940b52b6062df9131c) Importer(815301076,1909f56bfc062723c751e8b465ee728b)  -> (artifact id: '4f28e8991421b4080daa888c4cf0b460') in 0.023007 seconds 
========================================================================
Received Import Request.
  Time since last request: 0.000042 seconds.
  path: Assets/Sprites/Tiles/tiles_spritesheet_25.asset
  artifactKey: Guid(54d465c328b343045b9531a01b54079a) Importer(815301076,1909f56bfc062723c751e8b465ee728b)
Start importing Assets/Sprites/Tiles/tiles_spritesheet_25.asset using Guid(54d465c328b343045b9531a01b54079a) Importer(815301076,1909f56bfc062723c751e8b465ee728b)  -> (artifact id: '55bb03f12481ddb9c4240ac39e6fb3bf') in 0.029787 seconds 
========================================================================
Received Import Request.
  Time since last request: 0.000056 seconds.
  path: Assets/Sprites/Tiles/tiles_spritesheet_3.asset
  artifactKey: Guid(03d615913368c4843807203d838d36a2) Importer(815301076,1909f56bfc062723c751e8b465ee728b)
Start importing Assets/Sprites/Tiles/tiles_spritesheet_3.asset using Guid(03d615913368c4843807203d838d36a2) Importer(815301076,1909f56bfc062723c751e8b465ee728b)  -> (artifact id: 'b1959dfe36837ff0cb777b87478f9b77') in 0.029345 seconds 
========================================================================
Received Import Request.
  Time since last request: 0.000067 seconds.
  path: Assets/Sprites/Tiles/tiles_spritesheet_23.asset
  artifactKey: Guid(0ee257eda871cbe4a8805acb37a465ec) Importer(815301076,1909f56bfc062723c751e8b465ee728b)
Start importing Assets/Sprites/Tiles/tiles_spritesheet_23.asset using Guid(0ee257eda871cbe4a8805acb37a465ec) Importer(815301076,1909f56bfc062723c751e8b465ee728b)  -> (artifact id: '4e7ef9db334360d2cbf8f2dfb6720203') in 0.020227 seconds 
========================================================================
Received Import Request.
  Time since last request: 0.000044 seconds.
  path: Assets/Sprites/Tiles/tiles_spritesheet_2.asset
  artifactKey: Guid(27a738230f0838644900160c5c394197) Importer(815301076,1909f56bfc062723c751e8b465ee728b)
Start importing Assets/Sprites/Tiles/tiles_spritesheet_2.asset using Guid(27a738230f0838644900160c5c394197) Importer(815301076,1909f56bfc062723c751e8b465ee728b)  -> (artifact id: 'c210d4dcaf8b1fe5f7b24b53359e0594') in 0.022434 seconds 
========================================================================
Received Import Request.
  Time since last request: 0.000047 seconds.
  path: Assets/Sprites/Tiles/tiles_spritesheet_18.asset
  artifactKey: Guid(ed39a0b4f71bc4d41a39ff157002df8a) Importer(815301076,1909f56bfc062723c751e8b465ee728b)
Start importing Assets/Sprites/Tiles/tiles_spritesheet_18.asset using Guid(ed39a0b4f71bc4d41a39ff157002df8a) Importer(815301076,1909f56bfc062723c751e8b465ee728b)  -> (artifact id: '82d2a032137981efe03b78bac0145c48') in 0.022483 seconds 
========================================================================
Received Import Request.
  Time since last request: 7.651004 seconds.
  path: Assets/Sprites/Tiles/tiles_spritesheet_28.asset
  artifactKey: Guid(0f092e27a973d974b939f92281d2b687) Importer(815301076,1909f56bfc062723c751e8b465ee728b)
Start importing Assets/Sprites/Tiles/tiles_spritesheet_28.asset using Guid(0f092e27a973d974b939f92281d2b687) Importer(815301076,1909f56bfc062723c751e8b465ee728b)  -> (artifact id: 'c73704dc2afca3849912176177924771') in 0.018180 seconds 
========================================================================
Received Import Request.
  Time since last request: 0.000045 seconds.
  path: Assets/Sprites/Tiles/tiles_spritesheet_33.asset
  artifactKey: Guid(bedada5b35b20144789177d0de88705c) Importer(815301076,1909f56bfc062723c751e8b465ee728b)
Start importing Assets/Sprites/Tiles/tiles_spritesheet_33.asset using Guid(bedada5b35b20144789177d0de88705c) Importer(815301076,1909f56bfc062723c751e8b465ee728b)  -> (artifact id: '93ad216f6fb75ac1905c5f74a81fbe7c') in 0.026119 seconds 
========================================================================
Received Import Request.
  Time since last request: 0.000054 seconds.
  path: Assets/Sprites/Tiles/tiles_spritesheet_31.asset
  artifactKey: Guid(ca370be49ef3e2e4681fd3328f7c108e) Importer(815301076,1909f56bfc062723c751e8b465ee728b)
Start importing Assets/Sprites/Tiles/tiles_spritesheet_31.asset using Guid(ca370be49ef3e2e4681fd3328f7c108e) Importer(815301076,1909f56bfc062723c751e8b465ee728b)  -> (artifact id: '5c8e29119f2d337d3900f29b61fde20f') in 0.029214 seconds 
========================================================================
Received Import Request.
  Time since last request: 0.000041 seconds.
  path: Assets/Sprites/Tiles/tiles_spritesheet_39.asset
  artifactKey: Guid(17cfab0e10aa696498a9b8b21e27e05c) Importer(815301076,1909f56bfc062723c751e8b465ee728b)
Start importing Assets/Sprites/Tiles/tiles_spritesheet_39.asset using Guid(17cfab0e10aa696498a9b8b21e27e05c) Importer(815301076,1909f56bfc062723c751e8b465ee728b)  -> (artifact id: '603e818f263c83aeea2ec0f7b3f5adad') in 0.026107 seconds 
========================================================================
Received Import Request.
  Time since last request: 0.000049 seconds.
  path: Assets/Sprites/Tiles/tiles_spritesheet_44.asset
  artifactKey: Guid(d606554cf23d5e44b9285ad139845524) Importer(815301076,1909f56bfc062723c751e8b465ee728b)
Start importing Assets/Sprites/Tiles/tiles_spritesheet_44.asset using Guid(d606554cf23d5e44b9285ad139845524) Importer(815301076,1909f56bfc062723c751e8b465ee728b)  -> (artifact id: '0c5c15ca1edefb8b12aa355e11358bf0') in 0.021019 seconds 
========================================================================
Received Import Request.
  Time since last request: 0.000038 seconds.
  path: Assets/Sprites/Tiles/tiles_spritesheet_47.asset
  artifactKey: Guid(76a5c0ca1a6f14f438c7af9b65bb8ca9) Importer(815301076,1909f56bfc062723c751e8b465ee728b)
Start importing Assets/Sprites/Tiles/tiles_spritesheet_47.asset using Guid(76a5c0ca1a6f14f438c7af9b65bb8ca9) Importer(815301076,1909f56bfc062723c751e8b465ee728b)  -> (artifact id: 'ba32ab50a9701c90ab240de24314fec8') in 0.019475 seconds 
========================================================================
Received Import Request.
  Time since last request: 0.000054 seconds.
  path: Assets/Sprites/Tiles/tiles_spritesheet_41.asset
  artifactKey: Guid(3ecc49f8cc36327499a28232e7a5640e) Importer(815301076,1909f56bfc062723c751e8b465ee728b)
Start importing Assets/Sprites/Tiles/tiles_spritesheet_41.asset using Guid(3ecc49f8cc36327499a28232e7a5640e) Importer(815301076,1909f56bfc062723c751e8b465ee728b)  -> (artifact id: '8fda5c508f2d0b754dbb46372f5588e7') in 0.025894 seconds 
========================================================================
Received Import Request.
  Time since last request: 0.000046 seconds.
  path: Assets/Sprites/Tiles/tiles_spritesheet_50.asset
  artifactKey: Guid(b3ce7fdf051ba1c4b9bc0c9261a995ac) Importer(815301076,1909f56bfc062723c751e8b465ee728b)
Start importing Assets/Sprites/Tiles/tiles_spritesheet_50.asset using Guid(b3ce7fdf051ba1c4b9bc0c9261a995ac) Importer(815301076,1909f56bfc062723c751e8b465ee728b)  -> (artifact id: '0ab87d9a44b42ef2f8e31f8f87ae64b6') in 0.028926 seconds 
========================================================================
Received Import Request.
  Time since last request: 0.212709 seconds.
  path: Assets/Sprites/Tiles/tiles_spritesheet_55.asset
  artifactKey: Guid(07c11fa72ee92ae49be96beabbeea8dd) Importer(815301076,1909f56bfc062723c751e8b465ee728b)
Start importing Assets/Sprites/Tiles/tiles_spritesheet_55.asset using Guid(07c11fa72ee92ae49be96beabbeea8dd) Importer(815301076,1909f56bfc062723c751e8b465ee728b)  -> (artifact id: '09987cff94c47e206ddf94427ee48268') in 0.025841 seconds 
========================================================================
Received Import Request.
  Time since last request: 0.000037 seconds.
  path: Assets/Sprites/Tiles/tiles_spritesheet_69.asset
  artifactKey: Guid(5303e9b126d387942818c10eb3384ac7) Importer(815301076,1909f56bfc062723c751e8b465ee728b)
Start importing Assets/Sprites/Tiles/tiles_spritesheet_69.asset using Guid(5303e9b126d387942818c10eb3384ac7) Importer(815301076,1909f56bfc062723c751e8b465ee728b)  -> (artifact id: '85ed4ab42bc4e4f540a1408715534e68') in 0.028906 seconds 
========================================================================
Received Import Request.
  Time since last request: 0.000059 seconds.
  path: Assets/Sprites/Tiles/tiles_spritesheet_66.asset
  artifactKey: Guid(7535c405576fa8e46bee513067c01421) Importer(815301076,1909f56bfc062723c751e8b465ee728b)
Start importing Assets/Sprites/Tiles/tiles_spritesheet_66.asset using Guid(7535c405576fa8e46bee513067c01421) Importer(815301076,1909f56bfc062723c751e8b465ee728b)  -> (artifact id: '8ed9167116b5c85fc86f181ff8cc7895') in 0.024856 seconds 
========================================================================
Received Import Request.
  Time since last request: 0.000101 seconds.
  path: Assets/Sprites/Tiles/tiles_spritesheet_71.asset
  artifactKey: Guid(4ff39f9e3b5aceb448a8e0600b666ad4) Importer(815301076,1909f56bfc062723c751e8b465ee728b)
Start importing Assets/Sprites/Tiles/tiles_spritesheet_71.asset using Guid(4ff39f9e3b5aceb448a8e0600b666ad4) Importer(815301076,1909f56bfc062723c751e8b465ee728b)  -> (artifact id: '230f0a779ec6d23db0066fa260430416') in 0.031906 seconds 
========================================================================
Received Import Request.
  Time since last request: 0.000038 seconds.
  path: Assets/Sprites/Tiles/tiles_spritesheet_79.asset
  artifactKey: Guid(960deb5c7b54772449aa2d10257ffec9) Importer(815301076,1909f56bfc062723c751e8b465ee728b)
Start importing Assets/Sprites/Tiles/tiles_spritesheet_79.asset using Guid(960deb5c7b54772449aa2d10257ffec9) Importer(815301076,1909f56bfc062723c751e8b465ee728b)  -> (artifact id: 'caaa650e33907c342fa0947e8f57378d') in 0.025289 seconds 
========================================================================
Received Import Request.
  Time since last request: 0.000043 seconds.
  path: Assets/Sprites/Tiles/tiles_spritesheet_61.asset
  artifactKey: Guid(19618bf90cb59a642afe2b4ca2bdb001) Importer(815301076,1909f56bfc062723c751e8b465ee728b)
Start importing Assets/Sprites/Tiles/tiles_spritesheet_61.asset using Guid(19618bf90cb59a642afe2b4ca2bdb001) Importer(815301076,1909f56bfc062723c751e8b465ee728b)  -> (artifact id: '5116ba618bf462e81cf0f52d5d6408ab') in 0.027842 seconds 
Editor requested this worker to shutdown with reason: Scaling down because of idle timeout
AssetImportWorker is now disconnected from the server
Process exiting
Exiting without the bug reporter. Application will terminate with return code 0