Using pre-set license
Built from '2021.3/staging' branch; Version is '2021.3.10f1 (1c7d0df0160b) revision 1867021'; Using compiler version '192829333'; Build Type 'Release'
OS: 'Windows 11  (10.0.22000) 64bit Core' Language: 'es' Physical Memory: 15752 MB
BatchMode: 1, IsHumanControllingUs: 0, StartBugReporterOnCrash: 0, Is64bit: 1, IsPro: 1

COMMAND LINE ARGUMENTS:
C:\Program Files\Unity\Hub\Editor\2021.3.10f1\Editor\Unity.exe
-adb2
-batchMode
-noUpm
-name
AssetImportWorker1
-projectPath
C:/Users/virgi/Unity/Práctica3
-logFile
Logs/AssetImportWorker1.log
-srvPort
64644
Successfully changed project path to: C:/Users/virgi/Unity/Práctica3
C:/Users/virgi/Unity/Práctica3
[UnityMemory] Configuration Parameters - Can be set up in boot.config
    "memorysetup-bucket-allocator-granularity=16"
    "memorysetup-bucket-allocator-bucket-count=8"
    "memorysetup-bucket-allocator-block-size=33554432"
    "memorysetup-bucket-allocator-block-count=8"
    "memorysetup-main-allocator-block-size=16777216"
    "memorysetup-thread-allocator-block-size=16777216"
    "memorysetup-gfx-main-allocator-block-size=16777216"
    "memorysetup-gfx-thread-allocator-block-size=16777216"
    "memorysetup-cache-allocator-block-size=4194304"
    "memorysetup-typetree-allocator-block-size=2097152"
    "memorysetup-profiler-bucket-allocator-granularity=16"
    "memorysetup-profiler-bucket-allocator-bucket-count=8"
    "memorysetup-profiler-bucket-allocator-block-size=33554432"
    "memorysetup-profiler-bucket-allocator-block-count=8"
    "memorysetup-profiler-allocator-block-size=16777216"
    "memorysetup-profiler-editor-allocator-block-size=1048576"
    "memorysetup-temp-allocator-size-main=16777216"
    "memorysetup-job-temp-allocator-block-size=2097152"
    "memorysetup-job-temp-allocator-block-size-background=1048576"
    "memorysetup-job-temp-allocator-reduction-small-platforms=262144"
    "memorysetup-temp-allocator-size-background-worker=32768"
    "memorysetup-temp-allocator-size-job-worker=262144"
    "memorysetup-temp-allocator-size-preload-manager=33554432"
    "memorysetup-temp-allocator-size-nav-mesh-worker=65536"
    "memorysetup-temp-allocator-size-audio-worker=65536"
    "memorysetup-temp-allocator-size-cloud-worker=32768"
    "memorysetup-temp-allocator-size-gi-baking-worker=262144"
    "memorysetup-temp-allocator-size-gfx=262144"
Refreshing native plugins compatible for Editor in 93.06 ms, found 4 plugins.
Preloading 0 native plugins for Editor in 0.00 ms.
Initialize engine version: 2021.3.10f1 (1c7d0df0160b)
[Subsystems] Discovering subsystems at path C:/Program Files/Unity/Hub/Editor/2021.3.10f1/Editor/Data/Resources/UnitySubsystems
[Subsystems] Discovering subsystems at path C:/Users/virgi/Unity/Práctica3/Assets
GfxDevice: creating device client; threaded=0; jobified=0
Direct3D:
    Version:  Direct3D 11.0 [level 11.1]
    Renderer: AMD Radeon(TM) Graphics (ID=0x164c)
    Vendor:   ATI
    VRAM:     7876 MB
    Driver:   30.0.13026.3
Initialize mono
Mono path[0] = 'C:/Program Files/Unity/Hub/Editor/2021.3.10f1/Editor/Data/Managed'
Mono path[1] = 'C:/Program Files/Unity/Hub/Editor/2021.3.10f1/Editor/Data/MonoBleedingEdge/lib/mono/unityjit-win32'
Mono config path = 'C:/Program Files/Unity/Hub/Editor/2021.3.10f1/Editor/Data/MonoBleedingEdge/etc'
Using monoOptions --debugger-agent=transport=dt_socket,embedding=1,server=y,suspend=n,address=127.0.0.1:56848
Begin MonoManager ReloadAssembly
Registering precompiled unity dll's ...
Register platform support module: C:/Program Files/Unity/Hub/Editor/2021.3.10f1/Editor/Data/PlaybackEngines/WebGLSupport/UnityEditor.WebGL.Extensions.dll
Register platform support module: C:/Program Files/Unity/Hub/Editor/2021.3.10f1/Editor/Data/PlaybackEngines/WindowsStandaloneSupport/UnityEditor.WindowsStandalone.Extensions.dll
Registered in 0.003610 seconds.
Native extension for WindowsStandalone target not found
Native extension for WebGL target not found
Refreshing native plugins compatible for Editor in 95.86 ms, found 4 plugins.
Preloading 0 native plugins for Editor in 0.00 ms.
Mono: successfully reloaded assembly
- Completed reload, in  0.619 seconds
Domain Reload Profiling:
	ReloadAssembly (619ms)
		BeginReloadAssembly (62ms)
			ExecutionOrderSort (0ms)
			DisableScriptedObjects (0ms)
			BackupInstance (0ms)
			ReleaseScriptingObjects (0ms)
			CreateAndSetChildDomain (1ms)
		EndReloadAssembly (456ms)
			LoadAssemblies (61ms)
			RebuildTransferFunctionScriptingTraits (0ms)
			SetupTypeCache (102ms)
			ReleaseScriptCaches (0ms)
			RebuildScriptCaches (29ms)
			SetupLoadedEditorAssemblies (280ms)
				LogAssemblyErrors (0ms)
				InitializePlatformSupportModulesInManaged (8ms)
				SetLoadedEditorAssemblies (0ms)
				RefreshPlugins (96ms)
				BeforeProcessingInitializeOnLoad (1ms)
				ProcessInitializeOnLoadAttributes (130ms)
				ProcessInitializeOnLoadMethodAttributes (44ms)
				AfterProcessingInitializeOnLoad (0ms)
				EditorAssembliesLoaded (0ms)
			ExecutionOrderSort2 (0ms)
			AwakeInstancesAfterBackupRestoration (0ms)
Platform modules already initialized, skipping
Registering precompiled user dll's ...
Registered in 0.005503 seconds.
Begin MonoManager ReloadAssembly
Symbol file LoadedFromMemory doesn't match image C:\Users\virgi\Unity\Práctica3\Library\PackageCache\com.unity.visualscripting@1.7.8\Editor\VisualScripting.Core\Dependencies\YamlDotNet\Unity.VisualScripting.YamlDotNet.dll
Symbol file LoadedFromMemory doesn't match image C:\Users\virgi\Unity\Práctica3\Library\PackageCache\com.unity.visualscripting@1.7.8\Editor\VisualScripting.Core\Dependencies\DotNetZip\Unity.VisualScripting.IonicZip.dll
Native extension for WindowsStandalone target not found
Native extension for WebGL target not found
Refreshing native plugins compatible for Editor in 91.16 ms, found 4 plugins.
Preloading 0 native plugins for Editor in 0.00 ms.
Mono: successfully reloaded assembly
- Completed reload, in  1.140 seconds
Domain Reload Profiling:
	ReloadAssembly (1141ms)
		BeginReloadAssembly (106ms)
			ExecutionOrderSort (0ms)
			DisableScriptedObjects (5ms)
			BackupInstance (0ms)
			ReleaseScriptingObjects (0ms)
			CreateAndSetChildDomain (24ms)
		EndReloadAssembly (930ms)
			LoadAssemblies (76ms)
			RebuildTransferFunctionScriptingTraits (0ms)
			SetupTypeCache (242ms)
			ReleaseScriptCaches (1ms)
			RebuildScriptCaches (68ms)
			SetupLoadedEditorAssemblies (491ms)
				LogAssemblyErrors (0ms)
				InitializePlatformSupportModulesInManaged (5ms)
				SetLoadedEditorAssemblies (0ms)
				RefreshPlugins (91ms)
				BeforeProcessingInitializeOnLoad (92ms)
				ProcessInitializeOnLoadAttributes (255ms)
				ProcessInitializeOnLoadMethodAttributes (43ms)
				AfterProcessingInitializeOnLoad (4ms)
				EditorAssembliesLoaded (0ms)
			ExecutionOrderSort2 (0ms)
			AwakeInstancesAfterBackupRestoration (5ms)
Platform modules already initialized, skipping
========================================================================
Worker process is ready to serve import requests
Launched and connected shader compiler UnityShaderCompiler.exe after 0.04 seconds
Refreshing native plugins compatible for Editor in 1.00 ms, found 4 plugins.
Preloading 0 native plugins for Editor in 0.00 ms.
Unloading 4248 Unused Serialized files (Serialized files now loaded: 0)
Unloading 57 unused Assets / (299.8 KB). Loaded Objects now: 4699.
Memory consumption went from 160.1 MB to 159.8 MB.
Total: 4.492400 ms (FindLiveObjects: 0.563400 ms CreateObjectMapping: 0.252200 ms MarkObjects: 3.447800 ms  DeleteObjects: 0.227100 ms)

AssetImportParameters requested are different than current active one (requested -> active):
  custom:video-decoder-ogg-theora: a1e56fd34408186e4bbccfd4996cb3dc -> 
  custom:container-muxer-webm: aa71ff27fc2769a1b78a27578f13a17b -> 
  custom:container-demuxer-webm: 4f35f7cbe854078d1ac9338744f61a02 -> 
  custom:video-encoder-webm-vp8: eb34c28f22e8b96e1ab97ce403110664 -> 
  custom:audio-encoder-webm-vorbis: bf7c407c2cedff20999df2af8eb42d56 -> 
  custom:framework-win-MediaFoundation: 216162199b28c13a410421893ffa2e32 -> 
  custom:container-demuxer-ogg: 62fdf1f143b41e24485cea50d1cbac27 -> 
  custom:video-decoder-webm-vp8: 9c59270c3fd7afecdb556c50c9e8de78 -> 
  custom:audio-decoder-ogg-vorbis: bf7c407c2cedff20999df2af8eb42d56 -> 
========================================================================
Received Import Request.
  Time since last request: 182948.171185 seconds.
  path: Assets/Sprites/Tiles/tiles_spritesheet_0.asset
  artifactKey: Guid(30f24971f3311634b9733f5b5668b55e) Importer(815301076,1909f56bfc062723c751e8b465ee728b)
Start importing Assets/Sprites/Tiles/tiles_spritesheet_0.asset using Guid(30f24971f3311634b9733f5b5668b55e) Importer(815301076,1909f56bfc062723c751e8b465ee728b)  -> (artifact id: 'dd97f9a0ed667ef8f133eb429584c101') in 0.099750 seconds 
========================================================================
Received Import Request.
  Time since last request: 0.000036 seconds.
  path: Assets/Sprites/Tiles/tiles_spritesheet_21.asset
  artifactKey: Guid(1a8fbaf4dc65ff146897211c2e54f050) Importer(815301076,1909f56bfc062723c751e8b465ee728b)
Start importing Assets/Sprites/Tiles/tiles_spritesheet_21.asset using Guid(1a8fbaf4dc65ff146897211c2e54f050) Importer(815301076,1909f56bfc062723c751e8b465ee728b)  -> (artifact id: '4d422a6f140ad1e1e86912907d4c8956') in 0.027521 seconds 
========================================================================
Received Import Request.
  Time since last request: 0.000070 seconds.
  path: Assets/Sprites/Tiles/tiles_spritesheet_20.asset
  artifactKey: Guid(ba848b20e7245184897048c0ddb69529) Importer(815301076,1909f56bfc062723c751e8b465ee728b)
Start importing Assets/Sprites/Tiles/tiles_spritesheet_20.asset using Guid(ba848b20e7245184897048c0ddb69529) Importer(815301076,1909f56bfc062723c751e8b465ee728b)  -> (artifact id: '5b859c717c941bf6f93079847cf8f3cb') in 0.020113 seconds 
========================================================================
Received Import Request.
  Time since last request: 0.000048 seconds.
  path: Assets/Sprites/Tiles/tiles_spritesheet_22.asset
  artifactKey: Guid(cad43576c014f8845acb3103997cb946) Importer(815301076,1909f56bfc062723c751e8b465ee728b)
Start importing Assets/Sprites/Tiles/tiles_spritesheet_22.asset using Guid(cad43576c014f8845acb3103997cb946) Importer(815301076,1909f56bfc062723c751e8b465ee728b)  -> (artifact id: '4937d7983e1b0abe8a79a0eee8c12c8c') in 0.020375 seconds 
========================================================================
Received Import Request.
  Time since last request: 0.000042 seconds.
  path: Assets/Sprites/Tiles/tiles_spritesheet_24.asset
  artifactKey: Guid(f9e90b2a4d72064408c8d2180252cb9e) Importer(815301076,1909f56bfc062723c751e8b465ee728b)
Start importing Assets/Sprites/Tiles/tiles_spritesheet_24.asset using Guid(f9e90b2a4d72064408c8d2180252cb9e) Importer(815301076,1909f56bfc062723c751e8b465ee728b)  -> (artifact id: '5f839caad05aa9ff7833ed122272e3d9') in 0.019526 seconds 
========================================================================
Received Import Request.
  Time since last request: 0.000049 seconds.
  path: Assets/Sprites/Tiles/tiles_spritesheet_6.asset
  artifactKey: Guid(1b523fe4cfa3d0c48a9ea35605c7a939) Importer(815301076,1909f56bfc062723c751e8b465ee728b)
Start importing Assets/Sprites/Tiles/tiles_spritesheet_6.asset using Guid(1b523fe4cfa3d0c48a9ea35605c7a939) Importer(815301076,1909f56bfc062723c751e8b465ee728b)  -> (artifact id: 'e0fa58ea7e95099a5ed47e72424cd3e3') in 0.021975 seconds 
========================================================================
Received Import Request.
  Time since last request: 0.000046 seconds.
  path: Assets/Sprites/Tiles/tiles_spritesheet_16.asset
  artifactKey: Guid(bcf7c9fc4b1aecb40b3a75e437ee9dba) Importer(815301076,1909f56bfc062723c751e8b465ee728b)
Start importing Assets/Sprites/Tiles/tiles_spritesheet_16.asset using Guid(bcf7c9fc4b1aecb40b3a75e437ee9dba) Importer(815301076,1909f56bfc062723c751e8b465ee728b)  -> (artifact id: '4bffb2e7a198319fdc1f9d867b741778') in 0.017426 seconds 
========================================================================
Received Import Request.
  Time since last request: 0.000039 seconds.
  path: Assets/Sprites/Tiles/tiles_spritesheet_26.asset
  artifactKey: Guid(077ea39aceaf70e4bbe9f4ca1c8d0109) Importer(815301076,1909f56bfc062723c751e8b465ee728b)
Start importing Assets/Sprites/Tiles/tiles_spritesheet_26.asset using Guid(077ea39aceaf70e4bbe9f4ca1c8d0109) Importer(815301076,1909f56bfc062723c751e8b465ee728b)  -> (artifact id: 'b44d3b883b7df7e98a6a6ebe2886cbbe') in 0.021725 seconds 
========================================================================
Received Import Request.
  Time since last request: 0.000041 seconds.
  path: Assets/Sprites/Tiles/tiles_spritesheet_19.asset
  artifactKey: Guid(2a8643bc53abcf34fad8533dd90b71f0) Importer(815301076,1909f56bfc062723c751e8b465ee728b)
Start importing Assets/Sprites/Tiles/tiles_spritesheet_19.asset using Guid(2a8643bc53abcf34fad8533dd90b71f0) Importer(815301076,1909f56bfc062723c751e8b465ee728b)  -> (artifact id: 'd90cf626fc5328492abec23ad306c27b') in 0.022798 seconds 
========================================================================
Received Import Request.
  Time since last request: 0.000056 seconds.
  path: Assets/Sprites/Tiles/tiles_spritesheet_4.asset
  artifactKey: Guid(1846ab1f21474bb4cacb153fef837c1b) Importer(815301076,1909f56bfc062723c751e8b465ee728b)
Start importing Assets/Sprites/Tiles/tiles_spritesheet_4.asset using Guid(1846ab1f21474bb4cacb153fef837c1b) Importer(815301076,1909f56bfc062723c751e8b465ee728b)  -> (artifact id: '43b7c28de71463dd703d895ead051e12') in 0.026460 seconds 
========================================================================
Received Import Request.
  Time since last request: 0.000060 seconds.
  path: Assets/Sprites/Tiles/tiles_spritesheet_1.asset
  artifactKey: Guid(7384a8d333732e2429a55a410dd521ca) Importer(815301076,1909f56bfc062723c751e8b465ee728b)
Start importing Assets/Sprites/Tiles/tiles_spritesheet_1.asset using Guid(7384a8d333732e2429a55a410dd521ca) Importer(815301076,1909f56bfc062723c751e8b465ee728b)  -> (artifact id: 'b4898af89f3d979f90b7cda24c2936c5') in 0.027038 seconds 
========================================================================
Received Import Request.
  Time since last request: 0.000056 seconds.
  path: Assets/Sprites/Tiles/tiles_spritesheet_9.asset
  artifactKey: Guid(04fbe7c4f6631ac41ae42a3bde79f310) Importer(815301076,1909f56bfc062723c751e8b465ee728b)
Start importing Assets/Sprites/Tiles/tiles_spritesheet_9.asset using Guid(04fbe7c4f6631ac41ae42a3bde79f310) Importer(815301076,1909f56bfc062723c751e8b465ee728b)  -> (artifact id: '8dc6c266fcdd9c5497b0d4bf02bee93a') in 0.021327 seconds 
========================================================================
Received Import Request.
  Time since last request: 0.000053 seconds.
  path: Assets/Sprites/Tiles/tiles_spritesheet_13.asset
  artifactKey: Guid(ae2daedeba609b4428b6a014527bf901) Importer(815301076,1909f56bfc062723c751e8b465ee728b)
Start importing Assets/Sprites/Tiles/tiles_spritesheet_13.asset using Guid(ae2daedeba609b4428b6a014527bf901) Importer(815301076,1909f56bfc062723c751e8b465ee728b)  -> (artifact id: '47b5196e3f35a12ef05139536782ebe2') in 0.023149 seconds 
========================================================================
Received Import Request.
  Time since last request: 0.000050 seconds.
  path: Assets/Sprites/Tiles/tiles_spritesheet_11.asset
  artifactKey: Guid(6b0976dd26c6b3d4c861bf28d50b0a77) Importer(815301076,1909f56bfc062723c751e8b465ee728b)
Start importing Assets/Sprites/Tiles/tiles_spritesheet_11.asset using Guid(6b0976dd26c6b3d4c861bf28d50b0a77) Importer(815301076,1909f56bfc062723c751e8b465ee728b)  -> (artifact id: '958c1e66b0c187ed0ff1ab245c3204e5') in 0.025674 seconds 
========================================================================
Received Import Request.
  Time since last request: 0.000047 seconds.
  path: Assets/Sprites/Tiles/tiles_spritesheet_17.asset
  artifactKey: Guid(194c15ddf5953894280f8e190778e3c1) Importer(815301076,1909f56bfc062723c751e8b465ee728b)
Start importing Assets/Sprites/Tiles/tiles_spritesheet_17.asset using Guid(194c15ddf5953894280f8e190778e3c1) Importer(815301076,1909f56bfc062723c751e8b465ee728b)  -> (artifact id: 'e1f936319e3d265041648d68939c1ace') in 0.018530 seconds 
========================================================================
Received Import Request.
  Time since last request: 7.627502 seconds.
  path: Assets/Sprites/Tiles/tiles_spritesheet_29.asset
  artifactKey: Guid(da1d32c7e289aba419c6dbdbca5a7f2f) Importer(815301076,1909f56bfc062723c751e8b465ee728b)
Start importing Assets/Sprites/Tiles/tiles_spritesheet_29.asset using Guid(da1d32c7e289aba419c6dbdbca5a7f2f) Importer(815301076,1909f56bfc062723c751e8b465ee728b)  -> (artifact id: '04c8ac46bce598f5ef76d279cd6346f1') in 0.016967 seconds 
========================================================================
Received Import Request.
  Time since last request: 0.000083 seconds.
  path: Assets/Sprites/Tiles/tiles_spritesheet_35.asset
  artifactKey: Guid(48543610b209f5e4d86602ce89db3a49) Importer(815301076,1909f56bfc062723c751e8b465ee728b)
Start importing Assets/Sprites/Tiles/tiles_spritesheet_35.asset using Guid(48543610b209f5e4d86602ce89db3a49) Importer(815301076,1909f56bfc062723c751e8b465ee728b)  -> (artifact id: '7799aa4134bdd9c8fc389bf881bd3c68') in 0.025863 seconds 
========================================================================
Received Import Request.
  Time since last request: 0.000078 seconds.
  path: Assets/Sprites/Tiles/tiles_spritesheet_32.asset
  artifactKey: Guid(87752482b9bad814ba4e7b48112ad75e) Importer(815301076,1909f56bfc062723c751e8b465ee728b)
Start importing Assets/Sprites/Tiles/tiles_spritesheet_32.asset using Guid(87752482b9bad814ba4e7b48112ad75e) Importer(815301076,1909f56bfc062723c751e8b465ee728b)  -> (artifact id: '146285046454cacdbf83b946fec2d55e') in 0.017563 seconds 
========================================================================
Received Import Request.
  Time since last request: 0.000039 seconds.
  path: Assets/Sprites/Tiles/tiles_spritesheet_34.asset
  artifactKey: Guid(2b8716257040dc643b5a573ba8073734) Importer(815301076,1909f56bfc062723c751e8b465ee728b)
Start importing Assets/Sprites/Tiles/tiles_spritesheet_34.asset using Guid(2b8716257040dc643b5a573ba8073734) Importer(815301076,1909f56bfc062723c751e8b465ee728b)  -> (artifact id: '13c3f941ce3e242274bf52e68ccc43e5') in 0.018744 seconds 
========================================================================
Received Import Request.
  Time since last request: 0.000052 seconds.
  path: Assets/Sprites/Tiles/tiles_spritesheet_38.asset
  artifactKey: Guid(52556a323186e8343b2b8bd520d3796e) Importer(815301076,1909f56bfc062723c751e8b465ee728b)
Start importing Assets/Sprites/Tiles/tiles_spritesheet_38.asset using Guid(52556a323186e8343b2b8bd520d3796e) Importer(815301076,1909f56bfc062723c751e8b465ee728b)  -> (artifact id: 'ffab29527494244bd9b39e5f150b8ef7') in 0.024673 seconds 
========================================================================
Received Import Request.
  Time since last request: 0.000049 seconds.
  path: Assets/Sprites/Tiles/tiles_spritesheet_42.asset
  artifactKey: Guid(7f87d81cdb65a3141b203bc2ad06a10e) Importer(815301076,1909f56bfc062723c751e8b465ee728b)
Start importing Assets/Sprites/Tiles/tiles_spritesheet_42.asset using Guid(7f87d81cdb65a3141b203bc2ad06a10e) Importer(815301076,1909f56bfc062723c751e8b465ee728b)  -> (artifact id: 'b77ce11b80610493349558fb8582fd67') in 0.022326 seconds 
========================================================================
Received Import Request.
  Time since last request: 0.000035 seconds.
  path: Assets/Sprites/Tiles/tiles_spritesheet_49.asset
  artifactKey: Guid(7b97e83eba826ce4cb8360b4ecb91a59) Importer(815301076,1909f56bfc062723c751e8b465ee728b)
Start importing Assets/Sprites/Tiles/tiles_spritesheet_49.asset using Guid(7b97e83eba826ce4cb8360b4ecb91a59) Importer(815301076,1909f56bfc062723c751e8b465ee728b)  -> (artifact id: '02e84b6315ad0c6984ff52d4dee378a1') in 0.023058 seconds 
========================================================================
Received Import Request.
  Time since last request: 0.000075 seconds.
  path: Assets/Sprites/Tiles/tiles_spritesheet_53.asset
  artifactKey: Guid(b3ffecafba85fa744a03e203563a42b2) Importer(815301076,1909f56bfc062723c751e8b465ee728b)
Start importing Assets/Sprites/Tiles/tiles_spritesheet_53.asset using Guid(b3ffecafba85fa744a03e203563a42b2) Importer(815301076,1909f56bfc062723c751e8b465ee728b)  -> (artifact id: '22d54750a3dbc7bb1427728f2fbaeba4') in 0.026673 seconds 
========================================================================
Received Import Request.
  Time since last request: 0.243334 seconds.
  path: Assets/Sprites/Tiles/tiles_spritesheet_56.asset
  artifactKey: Guid(c58c7c54623fc0d4aa264dc112285a0a) Importer(815301076,1909f56bfc062723c751e8b465ee728b)
Start importing Assets/Sprites/Tiles/tiles_spritesheet_56.asset using Guid(c58c7c54623fc0d4aa264dc112285a0a) Importer(815301076,1909f56bfc062723c751e8b465ee728b)  -> (artifact id: 'd89484f3060a2376187a04546d523fb7') in 0.024982 seconds 
========================================================================
Received Import Request.
  Time since last request: 0.000056 seconds.
  path: Assets/Sprites/Tiles/tiles_spritesheet_63.asset
  artifactKey: Guid(2cb0822c4e9f05f4db1db578946653a5) Importer(815301076,1909f56bfc062723c751e8b465ee728b)
Start importing Assets/Sprites/Tiles/tiles_spritesheet_63.asset using Guid(2cb0822c4e9f05f4db1db578946653a5) Importer(815301076,1909f56bfc062723c751e8b465ee728b)  -> (artifact id: '18994c4461c4e933dee435ff458f5803') in 0.024122 seconds 
========================================================================
Received Import Request.
  Time since last request: 0.000037 seconds.
  path: Assets/Sprites/Tiles/tiles_spritesheet_60.asset
  artifactKey: Guid(cbc3cdf88af73884abb62e8d0a54903f) Importer(815301076,1909f56bfc062723c751e8b465ee728b)
Start importing Assets/Sprites/Tiles/tiles_spritesheet_60.asset using Guid(cbc3cdf88af73884abb62e8d0a54903f) Importer(815301076,1909f56bfc062723c751e8b465ee728b)  -> (artifact id: '01b0a75c9043062f91c4e9dc7a61239b') in 0.021410 seconds 
========================================================================
Received Import Request.
  Time since last request: 0.000044 seconds.
  path: Assets/Sprites/Tiles/tiles_spritesheet_62.asset
  artifactKey: Guid(7ce81dca3bee3984393366221cf9eb0a) Importer(815301076,1909f56bfc062723c751e8b465ee728b)
Start importing Assets/Sprites/Tiles/tiles_spritesheet_62.asset using Guid(7ce81dca3bee3984393366221cf9eb0a) Importer(815301076,1909f56bfc062723c751e8b465ee728b)  -> (artifact id: 'be257b1e0ea9a47791284933b018fb59') in 0.030975 seconds 
========================================================================
Received Import Request.
  Time since last request: 0.000051 seconds.
  path: Assets/Sprites/Tiles/tiles_spritesheet_76.asset
  artifactKey: Guid(bbc6d499b225d3e40bcecec76aedf53a) Importer(815301076,1909f56bfc062723c751e8b465ee728b)
Start importing Assets/Sprites/Tiles/tiles_spritesheet_76.asset using Guid(bbc6d499b225d3e40bcecec76aedf53a) Importer(815301076,1909f56bfc062723c751e8b465ee728b)  -> (artifact id: '6ad0a8f6d4542fe1cccb2a5473e69f1d') in 0.026281 seconds 
========================================================================
Received Import Request.
  Time since last request: 0.000058 seconds.
  path: Assets/Sprites/Tiles/tiles_spritesheet_78.asset
  artifactKey: Guid(48cad32c352c80e4ab5dab7fa7c3036f) Importer(815301076,1909f56bfc062723c751e8b465ee728b)
Start importing Assets/Sprites/Tiles/tiles_spritesheet_78.asset using Guid(48cad32c352c80e4ab5dab7fa7c3036f) Importer(815301076,1909f56bfc062723c751e8b465ee728b)  -> (artifact id: 'b461408ade5c2950922526938f5d4d73') in 0.033843 seconds 
========================================================================
Received Import Request.
  Time since last request: 0.000074 seconds.
  path: Assets/Sprites/Tiles/tiles_spritesheet_74.asset
  artifactKey: Guid(c787c51644e86f54885e9bf2803d4894) Importer(815301076,1909f56bfc062723c751e8b465ee728b)
Start importing Assets/Sprites/Tiles/tiles_spritesheet_74.asset using Guid(c787c51644e86f54885e9bf2803d4894) Importer(815301076,1909f56bfc062723c751e8b465ee728b)  -> (artifact id: 'c5b338eb487bad8b0c7d9840f02437ab') in 0.020461 seconds 
